app/build/outputs/logs/manifest-merger-release-report.txt
-- Merging decision tree log ---
manifest
ADDED from src/main/AndroidManifest.xml:2:1-39:12
	package
		ADDED from src/main/AndroidManifest.xml:3:5-25
		INJECTED from src/main/AndroidManifest.xml
		INJECTED from src/main/AndroidManifest.xml
	android:versionName
		ADDED from src/main/AndroidManifest.xml:6:5-30
		INJECTED from src/main/AndroidManifest.xml
		INJECTED from src/main/AndroidManifest.xml
	android:versionCode
		ADDED from src/main/AndroidManifest.xml:4:5-28
		INJECTED from src/main/AndroidManifest.xml
		INJECTED from src/main/AndroidManifest.xml
	xmlns:android
		ADDED from src/main/AndroidManifest.xml:2:11-69
	android:theme
		ADDED from src/main/AndroidManifest.xml:5:6-64
uses-sdk
ADDED from src/main/AndroidManifest.xml:8:5-43
	android:targetSdkVersion
		INJECTED from src/main/AndroidManifest.xml
		INJECTED from src/main/AndroidManifest.xml
	android:minSdkVersion
		ADDED from src/main/AndroidManifest.xml:8:15-40
		INJECTED from src/main/AndroidManifest.xml
		INJECTED from src/main/AndroidManifest.xml
provider#com.zjk.re.apps.AppProvider
ADDED from src/main/AndroidManifest.xml:10:5-12:39
	android:authorities
		ADDED from src/main/AndroidManifest.xml:11:9-35
	android:multiprocess
		ADDED from src/main/AndroidManifest.xml:12:9-37
	android:name
		ADDED from src/main/AndroidManifest.xml:10:15-47
application
ADDED from src/main/AndroidManifest.xml:13:5-35:19
	android:label
		ADDED from src/main/AndroidManifest.xml:15:9-41
	android:icon
		ADDED from src/main/AndroidManifest.xml:14:9-38
activity#com.zjk.re.LoginActivity
ADDED from src/main/AndroidManifest.xml:16:9-25:20
	android:label
		ADDED from src/main/AndroidManifest.xml:18:13-45
	android:theme
		ADDED from src/main/AndroidManifest.xml:19:13-71
	android:name
		ADDED from src/main/AndroidManifest.xml:17:13-41
intent-filter#android.intent.action.MAIN+android.intent.category.LAUNCHER
ADDED from src/main/AndroidManifest.xml:20:13-24:29
action#android.intent.action.MAIN
ADDED from src/main/AndroidManifest.xml:21:17-69
	android:name
		ADDED from src/main/AndroidManifest.xml:21:25-66
category#android.intent.category.LAUNCHER
ADDED from src/main/AndroidManifest.xml:23:17-77
	android:name
		ADDED from src/main/AndroidManifest.xml:23:27-74
activity#com.zjk.re.CheckTableActivity
ADDED from src/main/AndroidManifest.xml:27:9-28:74
	android:theme
		ADDED from src/main/AndroidManifest.xml:28:14-72
	android:name
		ADDED from src/main/AndroidManifest.xml:27:19-52
activity#com.zjk.re.OrderActivity
ADDED from src/main/AndroidManifest.xml:29:9-30:74
	android:theme
		ADDED from src/main/AndroidManifest.xml:30:14-72
	android:name
		ADDED from src/main/AndroidManifest.xml:29:19-47
provider#com.zjk.provider.TableProvider
ADDED from src/main/AndroidManifest.xml:32:9-115
	android:authorities
		ADDED from src/main/AndroidManifest.xml:32:65-113
	android:name
		ADDED from src/main/AndroidManifest.xml:32:19-64
provider#com.zjk.provider.MenuProvider
ADDED from src/main/AndroidManifest.xml:33:3-107
	android:authorities
		ADDED from src/main/AndroidManifest.xml:33:58-105
	android:name
		ADDED from src/main/AndroidManifest.xml:33:13-57
uses-permission#android.permission.INTERNET
ADDED from src/main/AndroidManifest.xml:37:5-83
	android:name
		ADDED from src/main/AndroidManifest.xml:37:22-64